2022-11-11 08:21:13,066 INFO Let the games begin
2022-11-11 08:21:26,388 INFO [Step 99/ Epoch 0]  Loss: 1.9014  
2022-11-11 08:21:26,940 INFO val acc:28.94
2022-11-11 08:21:26,982 INFO [*] best model saved

2022-11-11 08:21:29,012 INFO [Step 199/ Epoch 0]  Loss: 1.9147  
2022-11-11 08:21:29,557 INFO val acc:35.46
2022-11-11 08:21:29,601 INFO [*] best model saved

2022-11-11 08:21:31,502 INFO [Step 299/ Epoch 0]  Loss: 1.6616  
2022-11-11 08:21:32,066 INFO val acc:38.26
2022-11-11 08:21:32,110 INFO [*] best model saved

2022-11-11 08:21:34,136 INFO [Step 47/ Epoch 1]  Loss: 1.6683  
2022-11-11 08:21:34,739 INFO val acc:41.88
2022-11-11 08:21:35,241 INFO [*] best model saved

2022-11-11 08:21:37,076 INFO [Step 147/ Epoch 1]  Loss: 1.5918  
2022-11-11 08:21:37,730 INFO val acc:44.16
2022-11-11 08:21:37,767 INFO [*] best model saved

2022-11-11 08:21:39,650 INFO [Step 247/ Epoch 1]  Loss: 1.5944  
2022-11-11 08:21:40,309 INFO val acc:46.24
2022-11-11 08:21:40,346 INFO [*] best model saved

2022-11-11 08:21:42,223 INFO [Step 347/ Epoch 1]  Loss: 1.4822  
2022-11-11 08:21:42,779 INFO val acc:47.76
2022-11-11 08:21:42,826 INFO [*] best model saved

2022-11-11 08:21:44,880 INFO [Step 95/ Epoch 2]  Loss: 1.5531  
2022-11-11 08:21:45,431 INFO val acc:48.9
2022-11-11 08:21:45,479 INFO [*] best model saved

2022-11-11 08:21:47,405 INFO [Step 195/ Epoch 2]  Loss: 1.3990  
2022-11-11 08:21:47,977 INFO val acc:50.68
2022-11-11 08:21:48,019 INFO [*] best model saved

2022-11-11 08:21:49,896 INFO [Step 295/ Epoch 2]  Loss: 1.3162  
2022-11-11 08:21:50,483 INFO val acc:52.64
2022-11-11 08:21:50,524 INFO [*] best model saved

2022-11-11 08:21:52,631 INFO [Step 43/ Epoch 3]  Loss: 1.4361  
2022-11-11 08:21:53,198 INFO val acc:51.28
2022-11-11 08:21:55,041 INFO [Step 143/ Epoch 3]  Loss: 1.4556  
2022-11-11 08:21:55,599 INFO val acc:52.9
2022-11-11 08:21:55,653 INFO [*] best model saved

2022-11-11 08:21:57,575 INFO [Step 243/ Epoch 3]  Loss: 1.3635  
2022-11-11 08:21:58,149 INFO val acc:54.9
2022-11-11 08:21:58,190 INFO [*] best model saved

2022-11-11 08:22:00,058 INFO [Step 343/ Epoch 3]  Loss: 1.2794  
2022-11-11 08:22:00,612 INFO val acc:54.92
2022-11-11 08:22:00,653 INFO [*] best model saved

2022-11-11 08:22:02,676 INFO [Step 91/ Epoch 4]  Loss: 1.3163  
2022-11-11 08:22:03,241 INFO val acc:55.64
2022-11-11 08:22:03,294 INFO [*] best model saved

2022-11-11 08:22:05,149 INFO [Step 191/ Epoch 4]  Loss: 1.4846  
2022-11-11 08:22:05,705 INFO val acc:57.2
2022-11-11 08:22:05,747 INFO [*] best model saved

2022-11-11 08:22:07,732 INFO [Step 291/ Epoch 4]  Loss: 1.1449  
2022-11-11 08:22:08,278 INFO val acc:56.98
2022-11-11 08:22:10,334 INFO [Step 39/ Epoch 5]  Loss: 1.1772  
2022-11-11 08:22:10,904 INFO val acc:57.86
2022-11-11 08:22:10,953 INFO [*] best model saved

2022-11-11 08:22:12,975 INFO [Step 139/ Epoch 5]  Loss: 1.1965  
2022-11-11 08:22:13,608 INFO val acc:59.48
2022-11-11 08:22:13,649 INFO [*] best model saved

2022-11-11 08:22:15,480 INFO [Step 239/ Epoch 5]  Loss: 1.2764  
2022-11-11 08:22:16,046 INFO val acc:59.84
2022-11-11 08:22:16,093 INFO [*] best model saved

2022-11-11 08:22:17,982 INFO [Step 339/ Epoch 5]  Loss: 1.2256  
2022-11-11 08:22:18,556 INFO val acc:60.16
2022-11-11 08:22:18,600 INFO [*] best model saved

2022-11-11 08:22:20,697 INFO [Step 87/ Epoch 6]  Loss: 1.0673  
2022-11-11 08:22:21,256 INFO val acc:60.62
2022-11-11 08:22:21,311 INFO [*] best model saved

2022-11-11 08:22:23,164 INFO [Step 187/ Epoch 6]  Loss: 1.2200  
2022-11-11 08:22:23,820 INFO val acc:60.5
2022-11-11 08:22:25,790 INFO [Step 287/ Epoch 6]  Loss: 1.0306  
2022-11-11 08:22:26,406 INFO val acc:61.48
2022-11-11 08:22:26,448 INFO [*] best model saved

2022-11-11 08:22:28,708 INFO [Step 35/ Epoch 7]  Loss: 0.9732  
2022-11-11 08:22:29,270 INFO val acc:63.1
2022-11-11 08:22:29,322 INFO [*] best model saved

2022-11-11 08:22:31,219 INFO [Step 135/ Epoch 7]  Loss: 1.0603  
2022-11-11 08:22:31,778 INFO val acc:64.74
2022-11-11 08:22:31,820 INFO [*] best model saved

2022-11-11 08:22:33,691 INFO [Step 235/ Epoch 7]  Loss: 1.1188  
2022-11-11 08:22:34,307 INFO val acc:64.42
2022-11-11 08:22:36,246 INFO [Step 335/ Epoch 7]  Loss: 1.1949  
2022-11-11 08:22:36,821 INFO val acc:63.4
2022-11-11 08:22:38,845 INFO [Step 83/ Epoch 8]  Loss: 0.7505  
2022-11-11 08:22:39,418 INFO val acc:66.04
2022-11-11 08:22:39,471 INFO [*] best model saved

2022-11-11 08:22:41,417 INFO [Step 183/ Epoch 8]  Loss: 1.1147  
2022-11-11 08:22:41,972 INFO val acc:64.72
2022-11-11 08:22:43,917 INFO [Step 283/ Epoch 8]  Loss: 0.9837  
2022-11-11 08:22:44,489 INFO val acc:66.36
2022-11-11 08:22:44,530 INFO [*] best model saved

2022-11-11 08:22:46,592 INFO [Step 31/ Epoch 9]  Loss: 1.1902  
2022-11-11 08:22:47,167 INFO val acc:65.06
2022-11-11 08:22:49,306 INFO [Step 131/ Epoch 9]  Loss: 1.0603  
2022-11-11 08:22:49,868 INFO val acc:66.72
2022-11-11 08:22:49,922 INFO [*] best model saved

2022-11-11 08:22:51,881 INFO [Step 231/ Epoch 9]  Loss: 0.9344  
2022-11-11 08:22:52,438 INFO val acc:67.08
2022-11-11 08:22:52,480 INFO [*] best model saved

2022-11-11 08:22:54,428 INFO [Step 331/ Epoch 9]  Loss: 1.0373  
2022-11-11 08:22:54,982 INFO val acc:67.38
2022-11-11 08:22:55,023 INFO [*] best model saved

2022-11-11 08:22:57,146 INFO [Step 79/ Epoch 10]  Loss: 1.0025  
2022-11-11 08:22:57,717 INFO val acc:66.66
2022-11-11 08:22:59,631 INFO [Step 179/ Epoch 10]  Loss: 1.0322  
2022-11-11 08:23:00,188 INFO val acc:67.44
2022-11-11 08:23:00,242 INFO [*] best model saved

2022-11-11 08:23:02,108 INFO [Step 279/ Epoch 10]  Loss: 0.9824  
2022-11-11 08:23:02,668 INFO val acc:67.24
2022-11-11 08:23:04,722 INFO [Step 27/ Epoch 11]  Loss: 0.9000  
2022-11-11 08:23:05,283 INFO val acc:69.1
2022-11-11 08:23:05,337 INFO [*] best model saved

2022-11-11 08:23:07,283 INFO [Step 127/ Epoch 11]  Loss: 0.8115  
2022-11-11 08:23:07,919 INFO val acc:67.9
2022-11-11 08:23:09,849 INFO [Step 227/ Epoch 11]  Loss: 0.9850  
2022-11-11 08:23:10,417 INFO val acc:70.0
2022-11-11 08:23:10,458 INFO [*] best model saved

2022-11-11 08:23:12,330 INFO [Step 327/ Epoch 11]  Loss: 0.8237  
2022-11-11 08:23:12,887 INFO val acc:69.8
2022-11-11 08:23:15,002 INFO [Step 75/ Epoch 12]  Loss: 0.7346  
2022-11-11 08:23:15,606 INFO val acc:70.78
2022-11-11 08:23:15,661 INFO [*] best model saved

2022-11-11 08:23:17,519 INFO [Step 175/ Epoch 12]  Loss: 1.0230  
2022-11-11 08:23:18,148 INFO val acc:69.88
2022-11-11 08:23:20,013 INFO [Step 275/ Epoch 12]  Loss: 0.8484  
2022-11-11 08:23:20,614 INFO val acc:68.62
2022-11-11 08:23:22,909 INFO [Step 23/ Epoch 13]  Loss: 0.7417  
2022-11-11 08:23:23,522 INFO val acc:71.18
2022-11-11 08:23:23,570 INFO [*] best model saved

2022-11-11 08:23:25,459 INFO [Step 123/ Epoch 13]  Loss: 0.7409  
2022-11-11 08:23:26,015 INFO val acc:71.74
2022-11-11 08:23:26,057 INFO [*] best model saved

2022-11-11 08:23:27,956 INFO [Step 223/ Epoch 13]  Loss: 0.8461  
2022-11-11 08:23:28,509 INFO val acc:72.54
2022-11-11 08:23:28,552 INFO [*] best model saved

2022-11-11 08:23:30,425 INFO [Step 323/ Epoch 13]  Loss: 0.8246  
2022-11-11 08:23:30,987 INFO val acc:72.52
2022-11-11 08:23:33,038 INFO [Step 71/ Epoch 14]  Loss: 0.8018  
2022-11-11 08:23:33,695 INFO val acc:72.36
2022-11-11 08:23:35,550 INFO [Step 171/ Epoch 14]  Loss: 0.7252  
2022-11-11 08:23:36,128 INFO val acc:73.08
2022-11-11 08:23:36,183 INFO [*] best model saved

2022-11-11 08:23:38,089 INFO [Step 271/ Epoch 14]  Loss: 0.6462  
2022-11-11 08:23:38,656 INFO val acc:72.84
2022-11-11 08:23:40,686 INFO [Step 19/ Epoch 15]  Loss: 0.8688  
2022-11-11 08:23:41,302 INFO val acc:73.18
2022-11-11 08:23:41,357 INFO [*] best model saved

2022-11-11 08:23:43,210 INFO [Step 119/ Epoch 15]  Loss: 0.7158  
2022-11-11 08:23:43,769 INFO val acc:73.56
2022-11-11 08:23:43,810 INFO [*] best model saved

2022-11-11 08:23:45,699 INFO [Step 219/ Epoch 15]  Loss: 0.8917  
2022-11-11 08:23:46,257 INFO val acc:73.06
2022-11-11 08:23:48,208 INFO [Step 319/ Epoch 15]  Loss: 0.6472  
2022-11-11 08:23:48,840 INFO val acc:74.3
2022-11-11 08:23:48,881 INFO [*] best model saved

2022-11-11 08:23:51,129 INFO [Step 67/ Epoch 16]  Loss: 0.7983  
2022-11-11 08:23:51,774 INFO val acc:74.56
2022-11-11 08:23:51,827 INFO [*] best model saved

2022-11-11 08:23:53,862 INFO [Step 167/ Epoch 16]  Loss: 0.7402  
2022-11-11 08:23:54,513 INFO val acc:74.48
2022-11-11 08:23:56,445 INFO [Step 267/ Epoch 16]  Loss: 0.7825  
2022-11-11 08:23:57,002 INFO val acc:75.28
2022-11-11 08:23:57,044 INFO [*] best model saved

2022-11-11 08:23:59,054 INFO [Step 15/ Epoch 17]  Loss: 0.8285  
2022-11-11 08:23:59,636 INFO val acc:73.48
2022-11-11 08:24:01,514 INFO [Step 115/ Epoch 17]  Loss: 0.7951  
2022-11-11 08:24:02,066 INFO val acc:75.5
2022-11-11 08:24:02,123 INFO [*] best model saved

2022-11-11 08:24:03,997 INFO [Step 215/ Epoch 17]  Loss: 0.6511  
2022-11-11 08:24:04,560 INFO val acc:75.18
2022-11-11 08:24:06,459 INFO [Step 315/ Epoch 17]  Loss: 0.7609  
2022-11-11 08:24:07,024 INFO val acc:74.5
2022-11-11 08:24:09,162 INFO [Step 63/ Epoch 18]  Loss: 0.7579  
2022-11-11 08:24:09,737 INFO val acc:75.12
2022-11-11 08:24:11,687 INFO [Step 163/ Epoch 18]  Loss: 0.7043  
2022-11-11 08:24:12,266 INFO val acc:76.16
2022-11-11 08:24:12,321 INFO [*] best model saved

2022-11-11 08:24:14,220 INFO [Step 263/ Epoch 18]  Loss: 0.6612  
2022-11-11 08:24:14,787 INFO val acc:76.42
2022-11-11 08:24:14,828 INFO [*] best model saved

2022-11-11 08:24:16,854 INFO [Step 11/ Epoch 19]  Loss: 0.6728  
2022-11-11 08:24:17,434 INFO val acc:74.94
2022-11-11 08:24:19,369 INFO [Step 111/ Epoch 19]  Loss: 0.7056  
2022-11-11 08:24:19,931 INFO val acc:76.12
2022-11-11 08:24:21,972 INFO [Step 211/ Epoch 19]  Loss: 0.6502  
2022-11-11 08:24:22,534 INFO val acc:75.86
2022-11-11 08:24:24,416 INFO [Step 311/ Epoch 19]  Loss: 0.8011  
2022-11-11 08:24:24,978 INFO val acc:76.04
2022-11-11 08:24:27,015 INFO [Step 59/ Epoch 20]  Loss: 0.7634  
2022-11-11 08:24:27,579 INFO val acc:75.6
2022-11-11 08:24:29,516 INFO [Step 159/ Epoch 20]  Loss: 0.7482  
2022-11-11 08:24:30,072 INFO val acc:76.16
2022-11-11 08:24:32,004 INFO [Step 259/ Epoch 20]  Loss: 0.6820  
2022-11-11 08:24:32,568 INFO val acc:76.54
2022-11-11 08:24:32,624 INFO [*] best model saved

2022-11-11 08:24:34,697 INFO [Step 7/ Epoch 21]  Loss: 0.6722  
2022-11-11 08:24:35,361 INFO val acc:76.8
2022-11-11 08:24:35,415 INFO [*] best model saved

2022-11-11 08:24:37,459 INFO [Step 107/ Epoch 21]  Loss: 0.5881  
2022-11-11 08:24:38,061 INFO val acc:76.68
2022-11-11 08:24:40,153 INFO [Step 207/ Epoch 21]  Loss: 0.8560  
2022-11-11 08:24:40,706 INFO val acc:76.66
2022-11-11 08:24:42,626 INFO [Step 307/ Epoch 21]  Loss: 0.8177  
2022-11-11 08:24:43,194 INFO val acc:77.52
2022-11-11 08:24:43,236 INFO [*] best model saved

2022-11-11 08:24:45,302 INFO [Step 55/ Epoch 22]  Loss: 0.4898  
2022-11-11 08:24:45,863 INFO val acc:75.62
2022-11-11 08:24:47,761 INFO [Step 155/ Epoch 22]  Loss: 0.6580  
2022-11-11 08:24:48,323 INFO val acc:77.62
2022-11-11 08:24:48,377 INFO [*] best model saved

2022-11-11 08:24:50,298 INFO [Step 255/ Epoch 22]  Loss: 0.5802  
2022-11-11 08:24:50,846 INFO val acc:77.16
2022-11-11 08:24:52,868 INFO [Step 3/ Epoch 23]  Loss: 0.6050  
2022-11-11 08:24:53,428 INFO val acc:77.36
2022-11-11 08:24:55,493 INFO [Step 103/ Epoch 23]  Loss: 0.7023  
2022-11-11 08:24:56,058 INFO val acc:78.02
2022-11-11 08:24:56,114 INFO [*] best model saved

2022-11-11 08:24:58,006 INFO [Step 203/ Epoch 23]  Loss: 0.6150  
2022-11-11 08:24:58,563 INFO val acc:77.56
2022-11-11 08:25:00,530 INFO [Step 303/ Epoch 23]  Loss: 0.5767  
2022-11-11 08:25:01,173 INFO val acc:78.54
2022-11-11 08:25:01,215 INFO [*] best model saved

2022-11-11 08:25:03,407 INFO [Step 51/ Epoch 24]  Loss: 0.7090  
2022-11-11 08:25:04,000 INFO val acc:78.46
2022-11-11 08:25:05,908 INFO [Step 151/ Epoch 24]  Loss: 0.8019  
2022-11-11 08:25:06,500 INFO val acc:79.08
2022-11-11 08:25:06,555 INFO [*] best model saved

2022-11-11 08:25:08,550 INFO [Step 251/ Epoch 24]  Loss: 0.6894  
2022-11-11 08:25:09,106 INFO val acc:78.52
2022-11-11 08:25:11,001 INFO [Step 351/ Epoch 24]  Loss: 0.5747  
2022-11-11 08:25:11,576 INFO val acc:76.76
2022-11-11 08:25:13,718 INFO [Step 99/ Epoch 25]  Loss: 0.6583  
2022-11-11 08:25:14,274 INFO val acc:78.38
2022-11-11 08:25:16,183 INFO [Step 199/ Epoch 25]  Loss: 0.5377  
2022-11-11 08:25:16,783 INFO val acc:78.16
2022-11-11 08:25:18,802 INFO [Step 299/ Epoch 25]  Loss: 0.7330  
2022-11-11 08:25:19,365 INFO val acc:78.7
2022-11-11 08:25:21,478 INFO [Step 47/ Epoch 26]  Loss: 0.3824  
2022-11-11 08:25:22,143 INFO val acc:79.2
2022-11-11 08:25:22,197 INFO [*] best model saved

2022-11-11 08:25:24,111 INFO [Step 147/ Epoch 26]  Loss: 0.5559  
2022-11-11 08:25:24,681 INFO val acc:78.78
2022-11-11 08:25:26,546 INFO [Step 247/ Epoch 26]  Loss: 0.5628  
2022-11-11 08:25:27,145 INFO val acc:79.46
2022-11-11 08:25:27,188 INFO [*] best model saved

2022-11-11 08:25:29,097 INFO [Step 347/ Epoch 26]  Loss: 0.4344  
2022-11-11 08:25:29,658 INFO val acc:78.8
2022-11-11 08:25:31,729 INFO [Step 95/ Epoch 27]  Loss: 0.5888  
2022-11-11 08:25:32,289 INFO val acc:79.36
2022-11-11 08:25:34,158 INFO [Step 195/ Epoch 27]  Loss: 0.5543  
2022-11-11 08:25:34,723 INFO val acc:79.8
2022-11-11 08:25:34,776 INFO [*] best model saved

2022-11-11 08:25:36,808 INFO [Step 295/ Epoch 27]  Loss: 0.5350  
2022-11-11 08:25:37,375 INFO val acc:79.14
2022-11-11 08:25:39,458 INFO [Step 43/ Epoch 28]  Loss: 0.5231  
2022-11-11 08:25:40,020 INFO val acc:79.04
2022-11-11 08:25:42,060 INFO [Step 143/ Epoch 28]  Loss: 0.5322  
2022-11-11 08:25:42,626 INFO val acc:80.76
2022-11-11 08:25:42,681 INFO [*] best model saved

2022-11-11 08:25:44,591 INFO [Step 243/ Epoch 28]  Loss: 0.4622  
2022-11-11 08:25:45,168 INFO val acc:79.78
2022-11-11 08:25:47,023 INFO [Step 343/ Epoch 28]  Loss: 0.6743  
2022-11-11 08:25:47,579 INFO val acc:79.04
2022-11-11 08:25:49,638 INFO [Step 91/ Epoch 29]  Loss: 0.5215  
2022-11-11 08:25:50,210 INFO val acc:78.98
2022-11-11 08:25:52,154 INFO [Step 191/ Epoch 29]  Loss: 0.5586  
2022-11-11 08:25:52,712 INFO val acc:79.36
2022-11-11 08:25:54,792 INFO [Step 291/ Epoch 29]  Loss: 0.4195  
2022-11-11 08:25:55,353 INFO val acc:80.34
2022-11-11 08:25:57,524 INFO [Step 39/ Epoch 30]  Loss: 0.5092  
2022-11-11 08:25:58,101 INFO val acc:80.34
2022-11-11 08:25:59,969 INFO [Step 139/ Epoch 30]  Loss: 0.4447  
2022-11-11 08:26:00,558 INFO val acc:80.0
2022-11-11 08:26:02,556 INFO [Step 239/ Epoch 30]  Loss: 0.3327  
2022-11-11 08:26:03,137 INFO val acc:80.28
2022-11-11 08:26:05,108 INFO [Step 339/ Epoch 30]  Loss: 0.4434  
2022-11-11 08:26:05,672 INFO val acc:80.3
2022-11-11 08:26:07,795 INFO [Step 87/ Epoch 31]  Loss: 0.4791  
2022-11-11 08:26:08,413 INFO val acc:79.94
2022-11-11 08:26:10,369 INFO [Step 187/ Epoch 31]  Loss: 0.4829  
2022-11-11 08:26:10,956 INFO val acc:80.8
2022-11-11 08:26:11,012 INFO [*] best model saved

2022-11-11 08:26:12,918 INFO [Step 287/ Epoch 31]  Loss: 0.3790  
2022-11-11 08:26:13,480 INFO val acc:80.94
2022-11-11 08:26:13,521 INFO [*] best model saved

2022-11-11 08:26:15,584 INFO [Step 35/ Epoch 32]  Loss: 0.4125  
2022-11-11 08:26:16,160 INFO val acc:81.46
2022-11-11 08:26:16,212 INFO [*] best model saved

2022-11-11 08:26:18,104 INFO [Step 135/ Epoch 32]  Loss: 0.3820  
2022-11-11 08:26:18,663 INFO val acc:80.68
2022-11-11 08:26:20,537 INFO [Step 235/ Epoch 32]  Loss: 0.6353  
2022-11-11 08:26:21,096 INFO val acc:80.98
2022-11-11 08:26:22,984 INFO [Step 335/ Epoch 32]  Loss: 0.4191  
2022-11-11 08:26:23,549 INFO val acc:80.28
2022-11-11 08:26:25,590 INFO [Step 83/ Epoch 33]  Loss: 0.4907  
2022-11-11 08:26:26,162 INFO val acc:80.74
2022-11-11 08:26:28,055 INFO [Step 183/ Epoch 33]  Loss: 0.6007  
2022-11-11 08:26:28,616 INFO val acc:80.6
2022-11-11 08:26:30,500 INFO [Step 283/ Epoch 33]  Loss: 0.6038  
2022-11-11 08:26:31,072 INFO val acc:81.08
2022-11-11 08:26:33,123 INFO [Step 31/ Epoch 34]  Loss: 0.6679  
2022-11-11 08:26:33,692 INFO val acc:81.76
2022-11-11 08:26:33,747 INFO [*] best model saved

2022-11-11 08:26:35,684 INFO [Step 131/ Epoch 34]  Loss: 0.3365  
2022-11-11 08:26:36,276 INFO val acc:81.86
2022-11-11 08:26:36,322 INFO [*] best model saved

2022-11-11 08:26:38,258 INFO [Step 231/ Epoch 34]  Loss: 0.6254  
2022-11-11 08:26:38,836 INFO val acc:81.6
2022-11-11 08:26:40,694 INFO [Step 331/ Epoch 34]  Loss: 0.5289  
2022-11-11 08:26:41,333 INFO val acc:80.74
2022-11-11 08:26:43,379 INFO [Step 79/ Epoch 35]  Loss: 0.4498  
2022-11-11 08:26:44,044 INFO val acc:80.98
2022-11-11 08:26:45,954 INFO [Step 179/ Epoch 35]  Loss: 0.5467  
2022-11-11 08:26:46,528 INFO val acc:81.12
2022-11-11 08:26:48,453 INFO [Step 279/ Epoch 35]  Loss: 0.5926  
2022-11-11 08:26:49,016 INFO val acc:81.3
2022-11-11 08:26:51,082 INFO [Step 27/ Epoch 36]  Loss: 0.4210  
2022-11-11 08:26:51,651 INFO val acc:81.16
2022-11-11 08:26:53,751 INFO [Step 127/ Epoch 36]  Loss: 0.3814  
2022-11-11 08:26:54,367 INFO val acc:81.6
2022-11-11 08:26:56,261 INFO [Step 227/ Epoch 36]  Loss: 0.4082  
2022-11-11 08:26:56,817 INFO val acc:81.7
2022-11-11 08:26:58,745 INFO [Step 327/ Epoch 36]  Loss: 0.5483  
2022-11-11 08:26:59,327 INFO val acc:81.88
2022-11-11 08:26:59,380 INFO [*] best model saved

2022-11-11 08:27:01,425 INFO [Step 75/ Epoch 37]  Loss: 0.4724  
2022-11-11 08:27:01,997 INFO val acc:81.98
2022-11-11 08:27:02,050 INFO [*] best model saved

2022-11-11 08:27:03,930 INFO [Step 175/ Epoch 37]  Loss: 0.3330  
2022-11-11 08:27:04,478 INFO val acc:81.68
2022-11-11 08:27:06,401 INFO [Step 275/ Epoch 37]  Loss: 0.4899  
2022-11-11 08:27:06,961 INFO val acc:80.72
2022-11-11 08:27:09,032 INFO [Step 23/ Epoch 38]  Loss: 0.4621  
2022-11-11 08:27:09,608 INFO val acc:79.58
2022-11-11 08:27:11,488 INFO [Step 123/ Epoch 38]  Loss: 0.3868  
2022-11-11 08:27:12,041 INFO val acc:81.62
2022-11-11 08:27:13,904 INFO [Step 223/ Epoch 38]  Loss: 0.4382  
2022-11-11 08:27:14,470 INFO val acc:81.96
2022-11-11 08:27:16,326 INFO [Step 323/ Epoch 38]  Loss: 0.4343  
2022-11-11 08:27:16,884 INFO val acc:81.58
2022-11-11 08:27:18,919 INFO [Step 71/ Epoch 39]  Loss: 0.4374  
2022-11-11 08:27:19,476 INFO val acc:81.16
2022-11-11 08:27:21,378 INFO [Step 171/ Epoch 39]  Loss: 0.3739  
2022-11-11 08:27:21,930 INFO val acc:81.36
2022-11-11 08:27:23,911 INFO [Step 271/ Epoch 39]  Loss: 0.2772  
2022-11-11 08:27:24,476 INFO val acc:82.02
2022-11-11 08:27:24,529 INFO [*] best model saved

2022-11-11 08:27:26,613 INFO [Step 19/ Epoch 40]  Loss: 0.3915  
2022-11-11 08:27:27,236 INFO val acc:82.36
2022-11-11 08:27:27,289 INFO [*] best model saved

2022-11-11 08:27:29,187 INFO [Step 119/ Epoch 40]  Loss: 0.3553  
2022-11-11 08:27:29,749 INFO val acc:82.26
2022-11-11 08:27:31,741 INFO [Step 219/ Epoch 40]  Loss: 0.4785  
2022-11-11 08:27:32,294 INFO val acc:81.98
2022-11-11 08:27:34,141 INFO [Step 319/ Epoch 40]  Loss: 0.4999  
2022-11-11 08:27:34,693 INFO val acc:81.34
2022-11-11 08:27:36,775 INFO [Step 67/ Epoch 41]  Loss: 0.3218  
2022-11-11 08:27:37,338 INFO val acc:81.98
2022-11-11 08:27:39,252 INFO [Step 167/ Epoch 41]  Loss: 0.3277  
2022-11-11 08:27:39,816 INFO val acc:82.34
2022-11-11 08:27:41,763 INFO [Step 267/ Epoch 41]  Loss: 0.3768  
2022-11-11 08:27:42,346 INFO val acc:82.08
2022-11-11 08:27:44,609 INFO [Step 15/ Epoch 42]  Loss: 0.4107  
2022-11-11 08:27:45,174 INFO val acc:82.48
2022-11-11 08:27:45,227 INFO [*] best model saved

2022-11-11 08:27:47,099 INFO [Step 115/ Epoch 42]  Loss: 0.5492  
2022-11-11 08:27:47,649 INFO val acc:83.0
2022-11-11 08:27:47,691 INFO [*] best model saved

2022-11-11 08:27:49,545 INFO [Step 215/ Epoch 42]  Loss: 0.4062  
2022-11-11 08:27:50,113 INFO val acc:80.82
2022-11-11 08:27:51,990 INFO [Step 315/ Epoch 42]  Loss: 0.3397  
2022-11-11 08:27:52,588 INFO val acc:81.96
2022-11-11 08:27:54,682 INFO [Step 63/ Epoch 43]  Loss: 0.4658  
2022-11-11 08:27:55,250 INFO val acc:82.5
2022-11-11 08:27:57,116 INFO [Step 163/ Epoch 43]  Loss: 0.4255  
2022-11-11 08:27:57,680 INFO val acc:82.14
2022-11-11 08:27:59,549 INFO [Step 263/ Epoch 43]  Loss: 0.3816  
2022-11-11 08:28:00,106 INFO val acc:82.18
2022-11-11 08:28:02,111 INFO [Step 11/ Epoch 44]  Loss: 0.4290  
2022-11-11 08:28:02,681 INFO val acc:81.72
2022-11-11 08:28:04,561 INFO [Step 111/ Epoch 44]  Loss: 0.4074  
2022-11-11 08:28:05,124 INFO val acc:83.28
2022-11-11 08:28:05,178 INFO [*] best model saved

2022-11-11 08:28:07,024 INFO [Step 211/ Epoch 44]  Loss: 0.6422  
2022-11-11 08:28:07,672 INFO val acc:81.28
2022-11-11 08:28:09,729 INFO [Step 311/ Epoch 44]  Loss: 0.5403  
2022-11-11 08:28:10,290 INFO val acc:82.78
2022-11-11 08:28:12,424 INFO [Step 59/ Epoch 45]  Loss: 0.3505  
2022-11-11 08:28:13,085 INFO val acc:83.02
2022-11-11 08:28:14,976 INFO [Step 159/ Epoch 45]  Loss: 0.2799  
2022-11-11 08:28:15,546 INFO val acc:82.62
2022-11-11 08:28:17,662 INFO [Step 259/ Epoch 45]  Loss: 0.3467  
2022-11-11 08:28:18,214 INFO val acc:82.66
2022-11-11 08:28:20,258 INFO [Step 7/ Epoch 46]  Loss: 0.5324  
2022-11-11 08:28:20,876 INFO val acc:83.22
2022-11-11 08:28:22,772 INFO [Step 107/ Epoch 46]  Loss: 0.3999  
2022-11-11 08:28:23,330 INFO val acc:82.74
2022-11-11 08:28:25,274 INFO [Step 207/ Epoch 46]  Loss: 0.3836  
2022-11-11 08:28:25,852 INFO val acc:83.1
2022-11-11 08:28:27,871 INFO [Step 307/ Epoch 46]  Loss: 0.4068  
2022-11-11 08:28:28,513 INFO val acc:83.14
2022-11-11 08:28:30,623 INFO [Step 55/ Epoch 47]  Loss: 0.4946  
2022-11-11 08:28:31,203 INFO val acc:82.56
2022-11-11 08:28:33,103 INFO [Step 155/ Epoch 47]  Loss: 0.2967  
2022-11-11 08:28:33,668 INFO val acc:82.68
2022-11-11 08:28:35,569 INFO [Step 255/ Epoch 47]  Loss: 0.3495  
2022-11-11 08:28:36,147 INFO val acc:83.02
2022-11-11 08:28:38,214 INFO [Step 3/ Epoch 48]  Loss: 0.4278  
2022-11-11 08:28:38,790 INFO val acc:82.24
2022-11-11 08:28:40,694 INFO [Step 103/ Epoch 48]  Loss: 0.3260  
2022-11-11 08:28:41,274 INFO val acc:82.32
2022-11-11 08:28:43,143 INFO [Step 203/ Epoch 48]  Loss: 0.2154  
2022-11-11 08:28:43,703 INFO val acc:81.74
2022-11-11 08:28:45,598 INFO [Step 303/ Epoch 48]  Loss: 0.2524  
2022-11-11 08:28:46,171 INFO val acc:82.86
2022-11-11 08:28:48,197 INFO [Step 51/ Epoch 49]  Loss: 0.3010  
2022-11-11 08:28:48,750 INFO val acc:83.04
2022-11-11 08:28:50,666 INFO [Step 151/ Epoch 49]  Loss: 0.4970  
2022-11-11 08:28:51,268 INFO val acc:82.94
2022-11-11 08:28:53,153 INFO [Step 251/ Epoch 49]  Loss: 0.3738  
2022-11-11 08:28:53,709 INFO val acc:82.6
2022-11-11 08:28:55,633 INFO [Step 351/ Epoch 49]  Loss: 0.2750  
2022-11-11 08:28:56,196 INFO val acc:83.9
2022-11-11 08:28:56,251 INFO [*] best model saved

2022-11-11 08:28:58,358 INFO [Step 99/ Epoch 50]  Loss: 0.3657  
2022-11-11 08:28:58,936 INFO val acc:83.56
2022-11-11 08:29:00,820 INFO [Step 199/ Epoch 50]  Loss: 0.3367  
2022-11-11 08:29:01,397 INFO val acc:82.16
2022-11-11 08:29:03,320 INFO [Step 299/ Epoch 50]  Loss: 0.3976  
2022-11-11 08:29:03,902 INFO val acc:83.26
2022-11-11 08:29:06,006 INFO [Step 47/ Epoch 51]  Loss: 0.3077  
2022-11-11 08:29:06,560 INFO val acc:82.04
2022-11-11 08:29:08,436 INFO [Step 147/ Epoch 51]  Loss: 0.4684  
2022-11-11 08:29:09,006 INFO val acc:83.32
2022-11-11 08:29:10,913 INFO [Step 247/ Epoch 51]  Loss: 0.3395  
2022-11-11 08:29:11,481 INFO val acc:83.58
2022-11-11 08:29:13,446 INFO [Step 347/ Epoch 51]  Loss: 0.2838  
2022-11-11 08:29:14,035 INFO val acc:83.98
2022-11-11 08:29:14,089 INFO [*] best model saved

2022-11-11 08:29:16,142 INFO [Step 95/ Epoch 52]  Loss: 0.3257  
2022-11-11 08:29:16,702 INFO val acc:83.88
2022-11-11 08:29:18,858 INFO [Step 195/ Epoch 52]  Loss: 0.2177  
2022-11-11 08:29:19,444 INFO val acc:83.9
2022-11-11 08:29:21,362 INFO [Step 295/ Epoch 52]  Loss: 0.2699  
2022-11-11 08:29:21,919 INFO val acc:83.1
2022-11-11 08:29:24,177 INFO [Step 43/ Epoch 53]  Loss: 0.3282  
2022-11-11 08:29:24,746 INFO val acc:83.22
2022-11-11 08:29:26,685 INFO [Step 143/ Epoch 53]  Loss: 0.2919  
2022-11-11 08:29:27,248 INFO val acc:83.16
2022-11-11 08:29:29,103 INFO [Step 243/ Epoch 53]  Loss: 0.3210  
2022-11-11 08:29:29,664 INFO val acc:83.96
2022-11-11 08:29:31,584 INFO [Step 343/ Epoch 53]  Loss: 0.3072  
2022-11-11 08:29:32,161 INFO val acc:84.02
2022-11-11 08:29:32,215 INFO [*] best model saved

2022-11-11 08:29:34,254 INFO [Step 91/ Epoch 54]  Loss: 0.3202  
2022-11-11 08:29:34,818 INFO val acc:84.2
2022-11-11 08:29:34,872 INFO [*] best model saved

2022-11-11 08:29:36,797 INFO [Step 191/ Epoch 54]  Loss: 0.2162  
2022-11-11 08:29:37,380 INFO val acc:83.34
2022-11-11 08:29:39,275 INFO [Step 291/ Epoch 54]  Loss: 0.3162  
2022-11-11 08:29:39,853 INFO val acc:82.86
2022-11-11 08:29:41,957 INFO [Step 39/ Epoch 55]  Loss: 0.4075  
2022-11-11 08:29:42,516 INFO val acc:83.88
2022-11-11 08:29:44,391 INFO [Step 139/ Epoch 55]  Loss: 0.1892  
2022-11-11 08:29:44,953 INFO val acc:83.66
2022-11-11 08:29:46,804 INFO [Step 239/ Epoch 55]  Loss: 0.2551  
2022-11-11 08:29:47,361 INFO val acc:83.36
2022-11-11 08:29:49,321 INFO [Step 339/ Epoch 55]  Loss: 0.3033  
2022-11-11 08:29:49,892 INFO val acc:82.46
2022-11-11 08:29:52,026 INFO [Step 87/ Epoch 56]  Loss: 0.3118  
2022-11-11 08:29:52,583 INFO val acc:82.96
2022-11-11 08:29:54,507 INFO [Step 187/ Epoch 56]  Loss: 0.2108  
2022-11-11 08:29:55,073 INFO val acc:83.36
2022-11-11 08:29:57,110 INFO [Step 287/ Epoch 56]  Loss: 0.2281  
2022-11-11 08:29:57,675 INFO val acc:84.08
2022-11-11 08:29:59,712 INFO [Step 35/ Epoch 57]  Loss: 0.2484  
2022-11-11 08:30:00,282 INFO val acc:83.76
2022-11-11 08:30:02,226 INFO [Step 135/ Epoch 57]  Loss: 0.2183  
2022-11-11 08:30:02,782 INFO val acc:83.24
2022-11-11 08:30:04,675 INFO [Step 235/ Epoch 57]  Loss: 0.2919  
2022-11-11 08:30:05,267 INFO val acc:83.96
2022-11-11 08:30:07,186 INFO [Step 335/ Epoch 57]  Loss: 0.3390  
2022-11-11 08:30:07,739 INFO val acc:83.64
2022-11-11 08:30:09,848 INFO [Step 83/ Epoch 58]  Loss: 0.3404  
2022-11-11 08:30:10,407 INFO val acc:83.82
2022-11-11 08:30:12,616 INFO [Step 183/ Epoch 58]  Loss: 0.2585  
2022-11-11 08:30:13,182 INFO val acc:84.08
2022-11-11 08:30:15,206 INFO [Step 283/ Epoch 58]  Loss: 0.1682  
2022-11-11 08:30:15,790 INFO val acc:83.9
2022-11-11 08:30:17,842 INFO [Step 31/ Epoch 59]  Loss: 0.2508  
2022-11-11 08:30:18,403 INFO val acc:83.86
2022-11-11 08:30:20,359 INFO [Step 131/ Epoch 59]  Loss: 0.1984  
2022-11-11 08:30:20,938 INFO val acc:83.86
2022-11-11 08:30:22,823 INFO [Step 231/ Epoch 59]  Loss: 0.2291  
2022-11-11 08:30:23,399 INFO val acc:83.52
2022-11-11 08:30:25,392 INFO [Step 331/ Epoch 59]  Loss: 0.3759  
2022-11-11 08:30:25,976 INFO val acc:83.68
2022-11-11 08:30:28,096 INFO [Step 79/ Epoch 60]  Loss: 0.2267  
2022-11-11 08:30:28,671 INFO val acc:84.12
2022-11-11 08:30:30,537 INFO [Step 179/ Epoch 60]  Loss: 0.2177  
2022-11-11 08:30:31,129 INFO val acc:83.82
2022-11-11 08:30:33,236 INFO [Step 279/ Epoch 60]  Loss: 0.2355  
2022-11-11 08:30:33,799 INFO val acc:83.66
2022-11-11 08:30:35,907 INFO [Step 27/ Epoch 61]  Loss: 0.1304  
2022-11-11 08:30:36,455 INFO val acc:83.64
2022-11-11 08:30:38,302 INFO [Step 127/ Epoch 61]  Loss: 0.0940  
2022-11-11 08:30:38,859 INFO val acc:82.86
2022-11-11 08:30:40,737 INFO [Step 227/ Epoch 61]  Loss: 0.1787  
2022-11-11 08:30:41,315 INFO val acc:83.7
2022-11-11 08:30:43,177 INFO [Step 327/ Epoch 61]  Loss: 0.2794  
2022-11-11 08:30:43,752 INFO val acc:83.58
2022-11-11 08:30:45,801 INFO [Step 75/ Epoch 62]  Loss: 0.2518  
2022-11-11 08:30:46,360 INFO val acc:83.32
2022-11-11 08:30:48,205 INFO [Step 175/ Epoch 62]  Loss: 0.3111  
2022-11-11 08:30:48,757 INFO val acc:83.68
2022-11-11 08:30:50,651 INFO [Step 275/ Epoch 62]  Loss: 0.1768  
2022-11-11 08:30:51,203 INFO val acc:83.78
2022-11-11 08:30:53,277 INFO [Step 23/ Epoch 63]  Loss: 0.2352  
2022-11-11 08:30:53,862 INFO val acc:83.14
2022-11-11 08:30:55,728 INFO [Step 123/ Epoch 63]  Loss: 0.1387  
2022-11-11 08:30:56,288 INFO val acc:84.02
2022-11-11 08:30:58,147 INFO [Step 223/ Epoch 63]  Loss: 0.1795  
2022-11-11 08:30:58,727 INFO val acc:84.52
2022-11-11 08:30:58,780 INFO [*] best model saved

2022-11-11 08:31:00,686 INFO [Step 323/ Epoch 63]  Loss: 0.2675  
2022-11-11 08:31:01,243 INFO val acc:84.12
2022-11-11 08:31:03,275 INFO [Step 71/ Epoch 64]  Loss: 0.1840  
2022-11-11 08:31:03,851 INFO val acc:84.34
2022-11-11 08:31:05,738 INFO [Step 171/ Epoch 64]  Loss: 0.2097  
2022-11-11 08:31:06,301 INFO val acc:83.82
2022-11-11 08:31:08,316 INFO [Step 271/ Epoch 64]  Loss: 0.2310  
2022-11-11 08:31:08,870 INFO val acc:84.16
2022-11-11 08:31:10,998 INFO [Step 19/ Epoch 65]  Loss: 0.1752  
2022-11-11 08:31:11,556 INFO val acc:84.22
2022-11-11 08:31:13,540 INFO [Step 119/ Epoch 65]  Loss: 0.2488  
2022-11-11 08:31:14,121 INFO val acc:83.46
2022-11-11 08:31:16,008 INFO [Step 219/ Epoch 65]  Loss: 0.2598  
2022-11-11 08:31:16,565 INFO val acc:82.92
2022-11-11 08:31:18,461 INFO [Step 319/ Epoch 65]  Loss: 0.2295  
2022-11-11 08:31:19,061 INFO val acc:83.56
2022-11-11 08:31:21,092 INFO [Step 67/ Epoch 66]  Loss: 0.2929  
2022-11-11 08:31:21,654 INFO val acc:83.44
2022-11-11 08:31:23,517 INFO [Step 167/ Epoch 66]  Loss: 0.3730  
2022-11-11 08:31:24,071 INFO val acc:83.12
2022-11-11 08:31:25,958 INFO [Step 267/ Epoch 66]  Loss: 0.2480  
2022-11-11 08:31:26,509 INFO val acc:83.62
2022-11-11 08:31:28,623 INFO [Step 15/ Epoch 67]  Loss: 0.1833  
2022-11-11 08:31:29,183 INFO val acc:84.2
2022-11-11 08:31:31,032 INFO [Step 115/ Epoch 67]  Loss: 0.2200  
2022-11-11 08:31:31,594 INFO val acc:83.7
2022-11-11 08:31:33,509 INFO [Step 215/ Epoch 67]  Loss: 0.2245  
2022-11-11 08:31:34,059 INFO val acc:83.52
2022-11-11 08:31:35,897 INFO [Step 315/ Epoch 67]  Loss: 0.1860  
2022-11-11 08:31:36,532 INFO val acc:83.62
2022-11-11 08:31:38,549 INFO [Step 63/ Epoch 68]  Loss: 0.1841  
2022-11-11 08:31:39,114 INFO val acc:83.64
2022-11-11 08:31:40,974 INFO [Step 163/ Epoch 68]  Loss: 0.2412  
2022-11-11 08:31:41,582 INFO val acc:84.32
2022-11-11 08:31:43,412 INFO [Step 263/ Epoch 68]  Loss: 0.2020  
2022-11-11 08:31:43,973 INFO val acc:83.94
2022-11-11 08:31:45,995 INFO [Step 11/ Epoch 69]  Loss: 0.2016  
2022-11-11 08:31:46,636 INFO val acc:84.08
2022-11-11 08:31:48,544 INFO [Step 111/ Epoch 69]  Loss: 0.1275  
2022-11-11 08:31:49,094 INFO val acc:83.98
2022-11-11 08:31:50,993 INFO [Step 211/ Epoch 69]  Loss: 0.1522  
2022-11-11 08:31:51,542 INFO val acc:83.48
2022-11-11 08:31:53,439 INFO [Step 311/ Epoch 69]  Loss: 0.1947  
2022-11-11 08:31:54,018 INFO val acc:83.44
2022-11-11 08:31:56,037 INFO [Step 59/ Epoch 70]  Loss: 0.1862  
2022-11-11 08:31:56,592 INFO val acc:84.36
2022-11-11 08:31:58,499 INFO [Step 159/ Epoch 70]  Loss: 0.1397  
2022-11-11 08:31:59,052 INFO val acc:83.5
2022-11-11 08:32:00,961 INFO [Step 259/ Epoch 70]  Loss: 0.1845  
2022-11-11 08:32:01,511 INFO val acc:83.64
2022-11-11 08:32:03,619 INFO [Step 7/ Epoch 71]  Loss: 0.1248  
2022-11-11 08:32:04,167 INFO val acc:84.24
2022-11-11 08:32:06,162 INFO [Step 107/ Epoch 71]  Loss: 0.1314  
2022-11-11 08:32:06,708 INFO val acc:84.02
2022-11-11 08:32:08,860 INFO [Step 207/ Epoch 71]  Loss: 0.1818  
2022-11-11 08:32:09,425 INFO val acc:83.96
2022-11-11 08:32:11,337 INFO [Step 307/ Epoch 71]  Loss: 0.1553  
2022-11-11 08:32:11,887 INFO val acc:84.7
2022-11-11 08:32:11,940 INFO [*] best model saved

2022-11-11 08:32:14,011 INFO [Step 55/ Epoch 72]  Loss: 0.1484  
2022-11-11 08:32:14,568 INFO val acc:84.36
2022-11-11 08:32:16,461 INFO [Step 155/ Epoch 72]  Loss: 0.2146  
2022-11-11 08:32:17,037 INFO val acc:84.5
2022-11-11 08:32:18,973 INFO [Step 255/ Epoch 72]  Loss: 0.2020  
2022-11-11 08:32:19,520 INFO val acc:83.48
2022-11-11 08:32:21,572 INFO [Step 3/ Epoch 73]  Loss: 0.0626  
2022-11-11 08:32:22,134 INFO val acc:84.0
2022-11-11 08:32:24,054 INFO [Step 103/ Epoch 73]  Loss: 0.1748  
2022-11-11 08:32:24,618 INFO val acc:84.3
2022-11-11 08:32:26,512 INFO [Step 203/ Epoch 73]  Loss: 0.1306  
2022-11-11 08:32:27,077 INFO val acc:84.52
2022-11-11 08:32:28,983 INFO [Step 303/ Epoch 73]  Loss: 0.1319  
2022-11-11 08:32:29,534 INFO val acc:84.52
2022-11-11 08:32:31,597 INFO [Step 51/ Epoch 74]  Loss: 0.1196  
2022-11-11 08:32:32,150 INFO val acc:83.9
2022-11-11 08:32:34,095 INFO [Step 151/ Epoch 74]  Loss: 0.1941  
2022-11-11 08:32:34,649 INFO val acc:84.24
2022-11-11 08:32:36,634 INFO [Step 251/ Epoch 74]  Loss: 0.1524  
2022-11-11 08:32:37,192 INFO val acc:83.36
2022-11-11 08:32:39,025 INFO [Step 351/ Epoch 74]  Loss: 0.1347  
2022-11-11 08:32:39,590 INFO val acc:84.2
2022-11-11 08:32:41,744 INFO [Step 99/ Epoch 75]  Loss: 0.2209  
2022-11-11 08:32:42,304 INFO val acc:84.48
2022-11-11 08:32:44,166 INFO [Step 199/ Epoch 75]  Loss: 0.1489  
2022-11-11 08:32:44,717 INFO val acc:84.04
2022-11-11 08:32:46,562 INFO [Step 299/ Epoch 75]  Loss: 0.1472  
2022-11-11 08:32:47,166 INFO val acc:84.14
2022-11-11 08:32:49,236 INFO [Step 47/ Epoch 76]  Loss: 0.1330  
2022-11-11 08:32:49,785 INFO val acc:84.02
2022-11-11 08:32:51,678 INFO [Step 147/ Epoch 76]  Loss: 0.1430  
2022-11-11 08:32:52,229 INFO val acc:84.16
2022-11-11 08:32:54,052 INFO [Step 247/ Epoch 76]  Loss: 0.1331  
2022-11-11 08:32:54,609 INFO val acc:84.2
2022-11-11 08:32:56,499 INFO [Step 347/ Epoch 76]  Loss: 0.1188  
2022-11-11 08:32:57,047 INFO val acc:84.18
2022-11-11 08:32:59,064 INFO [Step 95/ Epoch 77]  Loss: 0.1367  
2022-11-11 08:32:59,626 INFO val acc:84.44
2022-11-11 08:33:01,524 INFO [Step 195/ Epoch 77]  Loss: 0.1768  
2022-11-11 08:33:02,071 INFO val acc:84.56
2022-11-11 08:33:03,978 INFO [Step 295/ Epoch 77]  Loss: 0.2379  
2022-11-11 08:33:04,534 INFO val acc:84.86
2022-11-11 08:33:04,588 INFO [*] best model saved

2022-11-11 08:33:06,612 INFO [Step 43/ Epoch 78]  Loss: 0.1944  
2022-11-11 08:33:07,171 INFO val acc:84.32
2022-11-11 08:33:09,000 INFO [Step 143/ Epoch 78]  Loss: 0.0897  
2022-11-11 08:33:09,646 INFO val acc:83.94
2022-11-11 08:33:11,473 INFO [Step 243/ Epoch 78]  Loss: 0.1121  
2022-11-11 08:33:12,022 INFO val acc:84.36
2022-11-11 08:33:13,873 INFO [Step 343/ Epoch 78]  Loss: 0.1528  
2022-11-11 08:33:14,417 INFO val acc:84.34
2022-11-11 08:33:16,414 INFO [Step 91/ Epoch 79]  Loss: 0.0948  
2022-11-11 08:33:16,966 INFO val acc:83.84
2022-11-11 08:33:18,870 INFO [Step 191/ Epoch 79]  Loss: 0.1579  
2022-11-11 08:33:19,416 INFO val acc:84.34
2022-11-11 08:33:21,275 INFO [Step 291/ Epoch 79]  Loss: 0.2138  
2022-11-11 08:33:21,878 INFO val acc:83.9
2022-11-11 08:33:23,944 INFO [Step 39/ Epoch 80]  Loss: 0.1531  
2022-11-11 08:33:24,509 INFO val acc:83.98
2022-11-11 08:33:26,401 INFO [Step 139/ Epoch 80]  Loss: 0.1458  
2022-11-11 08:33:27,041 INFO val acc:84.14
2022-11-11 08:33:28,947 INFO [Step 239/ Epoch 80]  Loss: 0.0731  
2022-11-11 08:33:29,587 INFO val acc:83.82
2022-11-11 08:33:31,564 INFO [Step 339/ Epoch 80]  Loss: 0.0695  
2022-11-11 08:33:32,139 INFO val acc:83.94
2022-11-11 08:33:34,182 INFO [Step 87/ Epoch 81]  Loss: 0.0603  
2022-11-11 08:33:34,749 INFO val acc:84.88
2022-11-11 08:33:34,796 INFO [*] best model saved

2022-11-11 08:33:36,626 INFO [Step 187/ Epoch 81]  Loss: 0.1268  
2022-11-11 08:33:37,233 INFO val acc:83.8
2022-11-11 08:33:39,092 INFO [Step 287/ Epoch 81]  Loss: 0.1531  
2022-11-11 08:33:39,637 INFO val acc:84.2
2022-11-11 08:33:41,662 INFO [Step 35/ Epoch 82]  Loss: 0.0952  
2022-11-11 08:33:42,225 INFO val acc:83.98
2022-11-11 08:33:44,119 INFO [Step 135/ Epoch 82]  Loss: 0.0916  
2022-11-11 08:33:44,680 INFO val acc:83.82
2022-11-11 08:33:46,682 INFO [Step 235/ Epoch 82]  Loss: 0.1115  
2022-11-11 08:33:47,294 INFO val acc:84.2
2022-11-11 08:33:49,186 INFO [Step 335/ Epoch 82]  Loss: 0.2523  
2022-11-11 08:33:49,744 INFO val acc:84.44
2022-11-11 08:33:51,837 INFO [Step 83/ Epoch 83]  Loss: 0.0673  
2022-11-11 08:33:52,399 INFO val acc:84.74
2022-11-11 08:33:54,243 INFO [Step 183/ Epoch 83]  Loss: 0.0892  
2022-11-11 08:33:54,797 INFO val acc:84.0
2022-11-11 08:33:56,635 INFO [Step 283/ Epoch 83]  Loss: 0.1291  
2022-11-11 08:33:57,185 INFO val acc:84.6
2022-11-11 08:33:59,181 INFO [Step 31/ Epoch 84]  Loss: 0.0929  
2022-11-11 08:33:59,742 INFO val acc:85.0
2022-11-11 08:33:59,796 INFO [*] best model saved

2022-11-11 08:34:01,650 INFO [Step 131/ Epoch 84]  Loss: 0.1137  
2022-11-11 08:34:02,198 INFO val acc:84.24
2022-11-11 08:34:04,053 INFO [Step 231/ Epoch 84]  Loss: 0.0876  
2022-11-11 08:34:04,604 INFO val acc:84.9
2022-11-11 08:34:06,438 INFO [Step 331/ Epoch 84]  Loss: 0.1486  
2022-11-11 08:34:07,079 INFO val acc:84.02
2022-11-11 08:34:09,195 INFO [Step 79/ Epoch 85]  Loss: 0.0766  
2022-11-11 08:34:09,751 INFO val acc:84.04
2022-11-11 08:34:11,610 INFO [Step 179/ Epoch 85]  Loss: 0.0803  
2022-11-11 08:34:12,165 INFO val acc:84.22
2022-11-11 08:34:14,029 INFO [Step 279/ Epoch 85]  Loss: 0.1136  
2022-11-11 08:34:14,598 INFO val acc:84.1
2022-11-11 08:34:16,622 INFO [Step 27/ Epoch 86]  Loss: 0.0891  
2022-11-11 08:34:17,173 INFO val acc:84.0
2022-11-11 08:34:19,015 INFO [Step 127/ Epoch 86]  Loss: 0.0862  
2022-11-11 08:34:19,561 INFO val acc:84.26
2022-11-11 08:34:21,445 INFO [Step 227/ Epoch 86]  Loss: 0.0914  
2022-11-11 08:34:21,998 INFO val acc:83.78
2022-11-11 08:34:24,037 INFO [Step 327/ Epoch 86]  Loss: 0.0946  
2022-11-11 08:34:24,607 INFO val acc:85.0
2022-11-11 08:34:26,689 INFO [Step 75/ Epoch 87]  Loss: 0.1309  
2022-11-11 08:34:27,261 INFO val acc:85.16
2022-11-11 08:34:27,314 INFO [*] best model saved

2022-11-11 08:34:29,151 INFO [Step 175/ Epoch 87]  Loss: 0.1108  
2022-11-11 08:34:29,710 INFO val acc:84.58
2022-11-11 08:34:31,580 INFO [Step 275/ Epoch 87]  Loss: 0.0764  
2022-11-11 08:34:32,127 INFO val acc:84.04
2022-11-11 08:34:34,190 INFO [Step 23/ Epoch 88]  Loss: 0.1086  
2022-11-11 08:34:34,743 INFO val acc:83.9
2022-11-11 08:34:36,614 INFO [Step 123/ Epoch 88]  Loss: 0.1253  
2022-11-11 08:34:37,166 INFO val acc:84.28
2022-11-11 08:34:39,003 INFO [Step 223/ Epoch 88]  Loss: 0.0647  
2022-11-11 08:34:39,564 INFO val acc:83.92
2022-11-11 08:34:41,418 INFO [Step 323/ Epoch 88]  Loss: 0.1591  
2022-11-11 08:34:41,962 INFO val acc:84.18
2022-11-11 08:34:44,010 INFO [Step 71/ Epoch 89]  Loss: 0.1128  
2022-11-11 08:34:44,562 INFO val acc:84.6
2022-11-11 08:34:46,487 INFO [Step 171/ Epoch 89]  Loss: 0.0975  
2022-11-11 08:34:47,049 INFO val acc:84.04
2022-11-11 08:34:48,962 INFO [Step 271/ Epoch 89]  Loss: 0.0911  
2022-11-11 08:34:49,612 INFO val acc:83.86
2022-11-11 08:34:51,681 INFO [Step 19/ Epoch 90]  Loss: 0.0569  
2022-11-11 08:34:52,262 INFO val acc:83.5
2022-11-11 08:34:54,096 INFO [Step 119/ Epoch 90]  Loss: 0.1285  
2022-11-11 08:34:54,665 INFO val acc:83.64
2022-11-11 08:34:56,710 INFO [Step 219/ Epoch 90]  Loss: 0.0790  
2022-11-11 08:34:57,255 INFO val acc:84.02
2022-11-11 08:34:59,231 INFO [Step 319/ Epoch 90]  Loss: 0.0569  
2022-11-11 08:34:59,779 INFO val acc:84.68
2022-11-11 08:35:01,806 INFO [Step 67/ Epoch 91]  Loss: 0.0567  
2022-11-11 08:35:02,362 INFO val acc:84.26
2022-11-11 08:35:04,202 INFO [Step 167/ Epoch 91]  Loss: 0.0711  
2022-11-11 08:35:04,795 INFO val acc:84.18
2022-11-11 08:35:06,693 INFO [Step 267/ Epoch 91]  Loss: 0.1450  
2022-11-11 08:35:07,249 INFO val acc:84.36
2022-11-11 08:35:09,271 INFO [Step 15/ Epoch 92]  Loss: 0.1152  
2022-11-11 08:35:09,817 INFO val acc:84.12
2022-11-11 08:35:11,707 INFO [Step 115/ Epoch 92]  Loss: 0.0715  
2022-11-11 08:35:12,257 INFO val acc:84.98
2022-11-11 08:35:14,108 INFO [Step 215/ Epoch 92]  Loss: 0.2692  
2022-11-11 08:35:14,667 INFO val acc:84.18
2022-11-11 08:35:16,527 INFO [Step 315/ Epoch 92]  Loss: 0.0544  
2022-11-11 08:35:17,079 INFO val acc:84.86
2022-11-11 08:35:19,136 INFO [Step 63/ Epoch 93]  Loss: 0.0714  
2022-11-11 08:35:19,698 INFO val acc:84.22
2022-11-11 08:35:21,629 INFO [Step 163/ Epoch 93]  Loss: 0.1088  
2022-11-11 08:35:22,179 INFO val acc:84.9
2022-11-11 08:35:24,016 INFO [Step 263/ Epoch 93]  Loss: 0.0791  
2022-11-11 08:35:24,574 INFO val acc:84.74
2022-11-11 08:35:26,569 INFO [Step 11/ Epoch 94]  Loss: 0.1027  
2022-11-11 08:35:27,166 INFO val acc:84.76
2022-11-11 08:35:29,105 INFO [Step 111/ Epoch 94]  Loss: 0.0982  
2022-11-11 08:35:29,656 INFO val acc:83.76
2022-11-11 08:35:31,491 INFO [Step 211/ Epoch 94]  Loss: 0.1341  
2022-11-11 08:35:32,044 INFO val acc:84.54
2022-11-11 08:35:33,911 INFO [Step 311/ Epoch 94]  Loss: 0.1470  
2022-11-11 08:35:34,460 INFO val acc:84.78
2022-11-11 08:35:36,489 INFO [Step 59/ Epoch 95]  Loss: 0.0958  
2022-11-11 08:35:37,047 INFO val acc:84.56
2022-11-11 08:35:38,967 INFO [Step 159/ Epoch 95]  Loss: 0.1685  
2022-11-11 08:35:39,535 INFO val acc:84.62
2022-11-11 08:35:41,423 INFO [Step 259/ Epoch 95]  Loss: 0.1458  
2022-11-11 08:35:42,018 INFO val acc:84.62
2022-11-11 08:35:44,066 INFO [Step 7/ Epoch 96]  Loss: 0.0413  
2022-11-11 08:35:44,613 INFO val acc:84.62
2022-11-11 08:35:46,836 INFO [Step 107/ Epoch 96]  Loss: 0.0936  
2022-11-11 08:35:47,406 INFO val acc:84.42
2022-11-11 08:35:49,356 INFO [Step 207/ Epoch 96]  Loss: 0.1061  
2022-11-11 08:35:49,913 INFO val acc:84.46
2022-11-11 08:35:51,976 INFO [Step 307/ Epoch 96]  Loss: 0.0654  
2022-11-11 08:35:52,551 INFO val acc:84.78
2022-11-11 08:35:54,611 INFO [Step 55/ Epoch 97]  Loss: 0.0909  
2022-11-11 08:35:55,175 INFO val acc:84.86
2022-11-11 08:35:57,103 INFO [Step 155/ Epoch 97]  Loss: 0.0674  
2022-11-11 08:35:57,651 INFO val acc:84.36
2022-11-11 08:35:59,514 INFO [Step 255/ Epoch 97]  Loss: 0.2540  
2022-11-11 08:36:00,063 INFO val acc:84.54
2022-11-11 08:36:02,070 INFO [Step 3/ Epoch 98]  Loss: 0.0339  
2022-11-11 08:36:02,645 INFO val acc:84.84
2022-11-11 08:36:04,559 INFO [Step 103/ Epoch 98]  Loss: 0.1008  
2022-11-11 08:36:05,129 INFO val acc:84.28
2022-11-11 08:36:06,975 INFO [Step 203/ Epoch 98]  Loss: 0.0837  
2022-11-11 08:36:07,530 INFO val acc:83.9
2022-11-11 08:36:09,427 INFO [Step 303/ Epoch 98]  Loss: 0.0544  
2022-11-11 08:36:09,972 INFO val acc:84.32
2022-11-11 08:36:12,039 INFO [Step 51/ Epoch 99]  Loss: 0.1100  
2022-11-11 08:36:12,600 INFO val acc:84.68
2022-11-11 08:36:14,504 INFO [Step 151/ Epoch 99]  Loss: 0.0890  
2022-11-11 08:36:15,092 INFO val acc:84.64
2022-11-11 08:36:17,014 INFO [Step 251/ Epoch 99]  Loss: 0.0868  
2022-11-11 08:36:17,567 INFO val acc:84.08
2022-11-11 08:36:19,565 INFO [Step 351/ Epoch 99]  Loss: 0.1352  
2022-11-11 08:36:20,125 INFO val acc:84.82
